{"/Users/Amine/Desktop/projects/BookingHotelsApp/src/api/auth.tsx": {"path":"/Users/Amine/Desktop/projects/BookingHotelsApp/src/api/auth.tsx","statementMap":{"0":{"start":{"line":4,"column":25},"end":{"line":16,"column":1}},"1":{"start":{"line":5,"column":2},"end":{"line":15,"column":5}},"2":{"start":{"line":7,"column":4},"end":{"line":13,"column":5}},"3":{"start":{"line":8,"column":6},"end":{"line":8,"column":26}},"4":{"start":{"line":10,"column":6},"end":{"line":12,"column":35}},"5":{"start":{"line":14,"column":4},"end":{"line":14,"column":33}},"6":{"start":{"line":18,"column":27},"end":{"line":31,"column":1}},"7":{"start":{"line":19,"column":2},"end":{"line":19,"column":18}},"8":{"start":{"line":20,"column":2},"end":{"line":30,"column":5}},"9":{"start":{"line":22,"column":4},"end":{"line":28,"column":5}},"10":{"start":{"line":23,"column":6},"end":{"line":23,"column":26}},"11":{"start":{"line":25,"column":6},"end":{"line":27,"column":35}},"12":{"start":{"line":29,"column":4},"end":{"line":29,"column":33}},"13":{"start":{"line":33,"column":21},"end":{"line":49,"column":1}},"14":{"start":{"line":34,"column":18},"end":{"line":37,"column":3}},"15":{"start":{"line":38,"column":2},"end":{"line":48,"column":5}},"16":{"start":{"line":40,"column":4},"end":{"line":46,"column":5}},"17":{"start":{"line":41,"column":6},"end":{"line":41,"column":26}},"18":{"start":{"line":43,"column":6},"end":{"line":45,"column":35}},"19":{"start":{"line":47,"column":4},"end":{"line":47,"column":33}}},"fnMap":{"0":{"name":"(anonymous_0)","decl":{"start":{"line":4,"column":25},"end":{"line":4,"column":26}},"loc":{"start":{"line":4,"column":31},"end":{"line":16,"column":1}},"line":4},"1":{"name":"(anonymous_1)","decl":{"start":{"line":5,"column":34},"end":{"line":5,"column":35}},"loc":{"start":{"line":5,"column":41},"end":{"line":15,"column":3}},"line":5},"2":{"name":"(anonymous_2)","decl":{"start":{"line":18,"column":27},"end":{"line":18,"column":28}},"loc":{"start":{"line":18,"column":44},"end":{"line":31,"column":1}},"line":18},"3":{"name":"(anonymous_3)","decl":{"start":{"line":20,"column":50},"end":{"line":20,"column":51}},"loc":{"start":{"line":20,"column":57},"end":{"line":30,"column":3}},"line":20},"4":{"name":"(anonymous_4)","decl":{"start":{"line":33,"column":21},"end":{"line":33,"column":22}},"loc":{"start":{"line":33,"column":58},"end":{"line":49,"column":1}},"line":33},"5":{"name":"(anonymous_5)","decl":{"start":{"line":38,"column":68},"end":{"line":38,"column":69}},"loc":{"start":{"line":38,"column":75},"end":{"line":48,"column":3}},"line":38}},"branchMap":{"0":{"loc":{"start":{"line":7,"column":4},"end":{"line":13,"column":5}},"type":"if","locations":[{"start":{"line":7,"column":4},"end":{"line":13,"column":5}},{"start":{"line":9,"column":11},"end":{"line":13,"column":5}}],"line":7},"1":{"loc":{"start":{"line":10,"column":14},"end":{"line":12,"column":34}},"type":"cond-expr","locations":[{"start":{"line":11,"column":10},"end":{"line":11,"column":27}},{"start":{"line":12,"column":10},"end":{"line":12,"column":34}}],"line":10},"2":{"loc":{"start":{"line":22,"column":4},"end":{"line":28,"column":5}},"type":"if","locations":[{"start":{"line":22,"column":4},"end":{"line":28,"column":5}},{"start":{"line":24,"column":11},"end":{"line":28,"column":5}}],"line":22},"3":{"loc":{"start":{"line":25,"column":14},"end":{"line":27,"column":34}},"type":"cond-expr","locations":[{"start":{"line":26,"column":10},"end":{"line":26,"column":27}},{"start":{"line":27,"column":10},"end":{"line":27,"column":34}}],"line":25},"4":{"loc":{"start":{"line":40,"column":4},"end":{"line":46,"column":5}},"type":"if","locations":[{"start":{"line":40,"column":4},"end":{"line":46,"column":5}},{"start":{"line":42,"column":11},"end":{"line":46,"column":5}}],"line":40},"5":{"loc":{"start":{"line":43,"column":14},"end":{"line":45,"column":34}},"type":"cond-expr","locations":[{"start":{"line":44,"column":10},"end":{"line":44,"column":27}},{"start":{"line":45,"column":10},"end":{"line":45,"column":34}}],"line":43}},"s":{"0":1,"1":0,"2":0,"3":0,"4":0,"5":0,"6":1,"7":0,"8":0,"9":0,"10":0,"11":0,"12":0,"13":1,"14":0,"15":0,"16":0,"17":0,"18":0,"19":0},"f":{"0":0,"1":0,"2":0,"3":0,"4":0,"5":0},"b":{"0":[0,0],"1":[0,0],"2":[0,0],"3":[0,0],"4":[0,0],"5":[0,0]},"_coverageSchema":"1a1c01bbd47fc00a2c39e90264f33305004495a9","hash":"00442e6e82086afb5f4aa74d3fe025b8351537df"}
,"/Users/Amine/Desktop/projects/BookingHotelsApp/src/api/book.ts": {"path":"/Users/Amine/Desktop/projects/BookingHotelsApp/src/api/book.ts","statementMap":{"0":{"start":{"line":4,"column":25},"end":{"line":9,"column":1}},"1":{"start":{"line":5,"column":16},"end":{"line":5,"column":51}},"2":{"start":{"line":6,"column":2},"end":{"line":8,"column":5}},"3":{"start":{"line":7,"column":4},"end":{"line":7,"column":73}},"4":{"start":{"line":11,"column":23},"end":{"line":23,"column":1}},"5":{"start":{"line":12,"column":2},"end":{"line":22,"column":5}},"6":{"start":{"line":14,"column":4},"end":{"line":20,"column":5}},"7":{"start":{"line":15,"column":6},"end":{"line":15,"column":26}},"8":{"start":{"line":17,"column":6},"end":{"line":19,"column":35}},"9":{"start":{"line":21,"column":4},"end":{"line":21,"column":33}},"10":{"start":{"line":25,"column":29},"end":{"line":37,"column":1}},"11":{"start":{"line":26,"column":2},"end":{"line":36,"column":5}},"12":{"start":{"line":28,"column":4},"end":{"line":34,"column":5}},"13":{"start":{"line":29,"column":6},"end":{"line":29,"column":26}},"14":{"start":{"line":31,"column":6},"end":{"line":33,"column":35}},"15":{"start":{"line":35,"column":4},"end":{"line":35,"column":33}},"16":{"start":{"line":39,"column":27},"end":{"line":51,"column":1}},"17":{"start":{"line":40,"column":2},"end":{"line":50,"column":5}},"18":{"start":{"line":42,"column":4},"end":{"line":48,"column":5}},"19":{"start":{"line":43,"column":6},"end":{"line":43,"column":26}},"20":{"start":{"line":45,"column":6},"end":{"line":47,"column":35}},"21":{"start":{"line":49,"column":4},"end":{"line":49,"column":33}}},"fnMap":{"0":{"name":"(anonymous_0)","decl":{"start":{"line":4,"column":25},"end":{"line":4,"column":26}},"loc":{"start":{"line":4,"column":42},"end":{"line":9,"column":1}},"line":4},"1":{"name":"(anonymous_1)","decl":{"start":{"line":6,"column":47},"end":{"line":6,"column":48}},"loc":{"start":{"line":6,"column":54},"end":{"line":8,"column":3}},"line":6},"2":{"name":"(anonymous_2)","decl":{"start":{"line":11,"column":23},"end":{"line":11,"column":24}},"loc":{"start":{"line":11,"column":40},"end":{"line":23,"column":1}},"line":11},"3":{"name":"(anonymous_3)","decl":{"start":{"line":12,"column":54},"end":{"line":12,"column":55}},"loc":{"start":{"line":12,"column":61},"end":{"line":22,"column":3}},"line":12},"4":{"name":"(anonymous_4)","decl":{"start":{"line":25,"column":29},"end":{"line":25,"column":30}},"loc":{"start":{"line":25,"column":46},"end":{"line":37,"column":1}},"line":25},"5":{"name":"(anonymous_5)","decl":{"start":{"line":26,"column":57},"end":{"line":26,"column":58}},"loc":{"start":{"line":26,"column":64},"end":{"line":36,"column":3}},"line":26},"6":{"name":"(anonymous_6)","decl":{"start":{"line":39,"column":27},"end":{"line":39,"column":28}},"loc":{"start":{"line":39,"column":33},"end":{"line":51,"column":1}},"line":39},"7":{"name":"(anonymous_7)","decl":{"start":{"line":40,"column":50},"end":{"line":40,"column":51}},"loc":{"start":{"line":40,"column":57},"end":{"line":50,"column":3}},"line":40}},"branchMap":{"0":{"loc":{"start":{"line":7,"column":26},"end":{"line":7,"column":71}},"type":"cond-expr","locations":[{"start":{"line":7,"column":41},"end":{"line":7,"column":65}},{"start":{"line":7,"column":68},"end":{"line":7,"column":71}}],"line":7},"1":{"loc":{"start":{"line":14,"column":4},"end":{"line":20,"column":5}},"type":"if","locations":[{"start":{"line":14,"column":4},"end":{"line":20,"column":5}},{"start":{"line":16,"column":11},"end":{"line":20,"column":5}}],"line":14},"2":{"loc":{"start":{"line":17,"column":14},"end":{"line":19,"column":34}},"type":"cond-expr","locations":[{"start":{"line":18,"column":10},"end":{"line":18,"column":27}},{"start":{"line":19,"column":10},"end":{"line":19,"column":34}}],"line":17},"3":{"loc":{"start":{"line":28,"column":4},"end":{"line":34,"column":5}},"type":"if","locations":[{"start":{"line":28,"column":4},"end":{"line":34,"column":5}},{"start":{"line":30,"column":11},"end":{"line":34,"column":5}}],"line":28},"4":{"loc":{"start":{"line":31,"column":14},"end":{"line":33,"column":34}},"type":"cond-expr","locations":[{"start":{"line":32,"column":10},"end":{"line":32,"column":27}},{"start":{"line":33,"column":10},"end":{"line":33,"column":34}}],"line":31},"5":{"loc":{"start":{"line":42,"column":4},"end":{"line":48,"column":5}},"type":"if","locations":[{"start":{"line":42,"column":4},"end":{"line":48,"column":5}},{"start":{"line":44,"column":11},"end":{"line":48,"column":5}}],"line":42},"6":{"loc":{"start":{"line":45,"column":14},"end":{"line":47,"column":34}},"type":"cond-expr","locations":[{"start":{"line":46,"column":10},"end":{"line":46,"column":27}},{"start":{"line":47,"column":10},"end":{"line":47,"column":34}}],"line":45}},"s":{"0":1,"1":0,"2":0,"3":0,"4":1,"5":0,"6":0,"7":0,"8":0,"9":0,"10":1,"11":0,"12":0,"13":0,"14":0,"15":0,"16":1,"17":0,"18":0,"19":0,"20":0,"21":0},"f":{"0":0,"1":0,"2":0,"3":0,"4":0,"5":0,"6":0,"7":0},"b":{"0":[0,0],"1":[0,0],"2":[0,0],"3":[0,0],"4":[0,0],"5":[0,0],"6":[0,0]},"_coverageSchema":"1a1c01bbd47fc00a2c39e90264f33305004495a9","hash":"81a4a5b77b856742465dd234263529c3eaffc9a9"}
,"/Users/Amine/Desktop/projects/BookingHotelsApp/src/api/index.ts": {"path":"/Users/Amine/Desktop/projects/BookingHotelsApp/src/api/index.ts","statementMap":{},"fnMap":{},"branchMap":{},"s":{},"f":{},"b":{},"_coverageSchema":"1a1c01bbd47fc00a2c39e90264f33305004495a9","hash":"0dc5049f953fc2bc74559387d09cee4cd4c3a818"}
,"/Users/Amine/Desktop/projects/BookingHotelsApp/src/config/config.ts": {"path":"/Users/Amine/Desktop/projects/BookingHotelsApp/src/config/config.ts","statementMap":{"0":{"start":{"line":5,"column":23},"end":{"line":5,"column":67}}},"fnMap":{},"branchMap":{},"s":{"0":1},"f":{},"b":{},"_coverageSchema":"1a1c01bbd47fc00a2c39e90264f33305004495a9","hash":"b3bdc045c55d31951a15e1e47f4ba97c3d0df603"}
,"/Users/Amine/Desktop/projects/BookingHotelsApp/src/models/card.ts": {"path":"/Users/Amine/Desktop/projects/BookingHotelsApp/src/models/card.ts","statementMap":{"0":{"start":{"line":14,"column":32},"end":{"line":19,"column":1}},"1":{"start":{"line":21,"column":44},"end":{"line":25,"column":1}}},"fnMap":{},"branchMap":{},"s":{"0":2,"1":2},"f":{},"b":{},"_coverageSchema":"1a1c01bbd47fc00a2c39e90264f33305004495a9","hash":"6b6706178465381eb9b05e9be372b65dc9b47a43"}
,"/Users/Amine/Desktop/projects/BookingHotelsApp/src/models/user.ts": {"path":"/Users/Amine/Desktop/projects/BookingHotelsApp/src/models/user.ts","statementMap":{"0":{"start":{"line":14,"column":32},"end":{"line":23,"column":1}}},"fnMap":{},"branchMap":{},"s":{"0":2},"f":{},"b":{},"_coverageSchema":"1a1c01bbd47fc00a2c39e90264f33305004495a9","hash":"da4aa9ad47a01e6b5fb9d879c54abbbffeebef07"}
,"/Users/Amine/Desktop/projects/BookingHotelsApp/src/navigation/rootNavigation.ts": {"path":"/Users/Amine/Desktop/projects/BookingHotelsApp/src/navigation/rootNavigation.ts","statementMap":{"0":{"start":{"line":3,"column":45},"end":{"line":3,"column":62}},"1":{"start":{"line":5,"column":24},"end":{"line":7,"column":1}},"2":{"start":{"line":6,"column":2},"end":{"line":6,"column":48}},"3":{"start":{"line":9,"column":19},"end":{"line":11,"column":1}},"4":{"start":{"line":10,"column":2},"end":{"line":10,"column":32}}},"fnMap":{"0":{"name":"(anonymous_0)","decl":{"start":{"line":5,"column":24},"end":{"line":5,"column":25}},"loc":{"start":{"line":5,"column":58},"end":{"line":7,"column":1}},"line":5},"1":{"name":"(anonymous_1)","decl":{"start":{"line":9,"column":19},"end":{"line":9,"column":20}},"loc":{"start":{"line":9,"column":34},"end":{"line":11,"column":1}},"line":9}},"branchMap":{},"s":{"0":1,"1":1,"2":1,"3":1,"4":0},"f":{"0":1,"1":0},"b":{},"_coverageSchema":"1a1c01bbd47fc00a2c39e90264f33305004495a9","hash":"53b4d69e9b099df2b01d65c4249d13f5abdf4276"}
,"/Users/Amine/Desktop/projects/BookingHotelsApp/src/redux/actions/auth.ts": {"path":"/Users/Amine/Desktop/projects/BookingHotelsApp/src/redux/actions/auth.ts","statementMap":{"0":{"start":{"line":5,"column":25},"end":{"line":7,"column":2}},"1":{"start":{"line":5,"column":32},"end":{"line":7,"column":1}},"2":{"start":{"line":9,"column":32},"end":{"line":14,"column":2}},"3":{"start":{"line":9,"column":50},"end":{"line":14,"column":1}},"4":{"start":{"line":16,"column":27},"end":{"line":19,"column":2}},"5":{"start":{"line":16,"column":48},"end":{"line":19,"column":1}},"6":{"start":{"line":21,"column":28},"end":{"line":25,"column":2}},"7":{"start":{"line":21,"column":66},"end":{"line":25,"column":1}}},"fnMap":{"0":{"name":"(anonymous_0)","decl":{"start":{"line":5,"column":25},"end":{"line":5,"column":26}},"loc":{"start":{"line":5,"column":32},"end":{"line":7,"column":1}},"line":5},"1":{"name":"(anonymous_1)","decl":{"start":{"line":9,"column":32},"end":{"line":9,"column":33}},"loc":{"start":{"line":9,"column":50},"end":{"line":14,"column":1}},"line":9},"2":{"name":"(anonymous_2)","decl":{"start":{"line":16,"column":27},"end":{"line":16,"column":28}},"loc":{"start":{"line":16,"column":48},"end":{"line":19,"column":1}},"line":16},"3":{"name":"(anonymous_3)","decl":{"start":{"line":21,"column":28},"end":{"line":21,"column":29}},"loc":{"start":{"line":21,"column":66},"end":{"line":25,"column":1}},"line":21}},"branchMap":{},"s":{"0":2,"1":1,"2":2,"3":0,"4":2,"5":1,"6":2,"7":1},"f":{"0":1,"1":0,"2":1,"3":1},"b":{},"_coverageSchema":"1a1c01bbd47fc00a2c39e90264f33305004495a9","hash":"f3561a458dfa85998ce10571e4e11b8c38759474"}
,"/Users/Amine/Desktop/projects/BookingHotelsApp/src/redux/actions/book.ts": {"path":"/Users/Amine/Desktop/projects/BookingHotelsApp/src/redux/actions/book.ts","statementMap":{"0":{"start":{"line":4,"column":25},"end":{"line":7,"column":2}},"1":{"start":{"line":4,"column":43},"end":{"line":7,"column":1}},"2":{"start":{"line":9,"column":29},"end":{"line":12,"column":2}},"3":{"start":{"line":9,"column":47},"end":{"line":12,"column":1}},"4":{"start":{"line":14,"column":27},"end":{"line":19,"column":2}},"5":{"start":{"line":14,"column":47},"end":{"line":19,"column":1}},"6":{"start":{"line":21,"column":33},"end":{"line":26,"column":2}},"7":{"start":{"line":21,"column":51},"end":{"line":26,"column":1}},"8":{"start":{"line":28,"column":23},"end":{"line":31,"column":2}},"9":{"start":{"line":28,"column":41},"end":{"line":31,"column":1}},"10":{"start":{"line":33,"column":30},"end":{"line":38,"column":2}},"11":{"start":{"line":33,"column":54},"end":{"line":38,"column":1}},"12":{"start":{"line":40,"column":29},"end":{"line":44,"column":2}},"13":{"start":{"line":40,"column":64},"end":{"line":44,"column":1}},"14":{"start":{"line":46,"column":27},"end":{"line":48,"column":2}},"15":{"start":{"line":46,"column":34},"end":{"line":48,"column":1}}},"fnMap":{"0":{"name":"(anonymous_0)","decl":{"start":{"line":4,"column":25},"end":{"line":4,"column":26}},"loc":{"start":{"line":4,"column":43},"end":{"line":7,"column":1}},"line":4},"1":{"name":"(anonymous_1)","decl":{"start":{"line":9,"column":29},"end":{"line":9,"column":30}},"loc":{"start":{"line":9,"column":47},"end":{"line":12,"column":1}},"line":9},"2":{"name":"(anonymous_2)","decl":{"start":{"line":14,"column":27},"end":{"line":14,"column":28}},"loc":{"start":{"line":14,"column":47},"end":{"line":19,"column":1}},"line":14},"3":{"name":"(anonymous_3)","decl":{"start":{"line":21,"column":33},"end":{"line":21,"column":34}},"loc":{"start":{"line":21,"column":51},"end":{"line":26,"column":1}},"line":21},"4":{"name":"(anonymous_4)","decl":{"start":{"line":28,"column":23},"end":{"line":28,"column":24}},"loc":{"start":{"line":28,"column":41},"end":{"line":31,"column":1}},"line":28},"5":{"name":"(anonymous_5)","decl":{"start":{"line":33,"column":30},"end":{"line":33,"column":31}},"loc":{"start":{"line":33,"column":54},"end":{"line":38,"column":1}},"line":33},"6":{"name":"(anonymous_6)","decl":{"start":{"line":40,"column":29},"end":{"line":40,"column":30}},"loc":{"start":{"line":40,"column":64},"end":{"line":44,"column":1}},"line":40},"7":{"name":"(anonymous_7)","decl":{"start":{"line":46,"column":27},"end":{"line":46,"column":28}},"loc":{"start":{"line":46,"column":34},"end":{"line":48,"column":1}},"line":46}},"branchMap":{},"s":{"0":2,"1":0,"2":2,"3":0,"4":2,"5":0,"6":2,"7":0,"8":2,"9":0,"10":2,"11":0,"12":2,"13":0,"14":2,"15":0},"f":{"0":0,"1":0,"2":0,"3":0,"4":0,"5":0,"6":0,"7":0},"b":{},"_coverageSchema":"1a1c01bbd47fc00a2c39e90264f33305004495a9","hash":"31a476c77b531be7705c6b28cbb2b43285d82358"}
,"/Users/Amine/Desktop/projects/BookingHotelsApp/src/redux/actions/index.ts": {"path":"/Users/Amine/Desktop/projects/BookingHotelsApp/src/redux/actions/index.ts","statementMap":{},"fnMap":{},"branchMap":{},"s":{},"f":{},"b":{},"_coverageSchema":"1a1c01bbd47fc00a2c39e90264f33305004495a9","hash":"5713078679fcf5622605490bee2375baaf731ea2"}
,"/Users/Amine/Desktop/projects/BookingHotelsApp/src/redux/actions/navigation.ts": {"path":"/Users/Amine/Desktop/projects/BookingHotelsApp/src/redux/actions/navigation.ts","statementMap":{"0":{"start":{"line":3,"column":32},"end":{"line":8,"column":1}},"1":{"start":{"line":4,"column":2},"end":{"line":7,"column":5}}},"fnMap":{"0":{"name":"(anonymous_0)","decl":{"start":{"line":3,"column":32},"end":{"line":3,"column":33}},"loc":{"start":{"line":3,"column":69},"end":{"line":8,"column":1}},"line":3}},"branchMap":{},"s":{"0":2,"1":2},"f":{"0":2},"b":{},"_coverageSchema":"1a1c01bbd47fc00a2c39e90264f33305004495a9","hash":"6878ff23a34d03fea0dc8e8c3c2712a45a0ed143"}
,"/Users/Amine/Desktop/projects/BookingHotelsApp/src/redux/reducers/auth.ts": {"path":"/Users/Amine/Desktop/projects/BookingHotelsApp/src/redux/reducers/auth.ts","statementMap":{"0":{"start":{"line":5,"column":32},"end":{"line":12,"column":1}},"1":{"start":{"line":14,"column":2},"end":{"line":80,"column":3}},"2":{"start":{"line":16,"column":6},"end":{"line":22,"column":8}},"3":{"start":{"line":24,"column":6},"end":{"line":28,"column":8}},"4":{"start":{"line":30,"column":6},"end":{"line":35,"column":8}},"5":{"start":{"line":37,"column":6},"end":{"line":42,"column":8}},"6":{"start":{"line":44,"column":6},"end":{"line":48,"column":8}},"7":{"start":{"line":50,"column":6},"end":{"line":53,"column":8}},"8":{"start":{"line":55,"column":6},"end":{"line":59,"column":8}},"9":{"start":{"line":61,"column":6},"end":{"line":67,"column":8}},"10":{"start":{"line":69,"column":18},"end":{"line":69,"column":79}},"11":{"start":{"line":69,"column":47},"end":{"line":69,"column":78}},"12":{"start":{"line":70,"column":6},"end":{"line":70,"column":41}},"13":{"start":{"line":71,"column":6},"end":{"line":77,"column":8}},"14":{"start":{"line":79,"column":6},"end":{"line":79,"column":19}}},"fnMap":{"0":{"name":"reducer","decl":{"start":{"line":13,"column":24},"end":{"line":13,"column":31}},"loc":{"start":{"line":13,"column":75},"end":{"line":81,"column":1}},"line":13},"1":{"name":"(anonymous_1)","decl":{"start":{"line":69,"column":42},"end":{"line":69,"column":43}},"loc":{"start":{"line":69,"column":47},"end":{"line":69,"column":78}},"line":69}},"branchMap":{"0":{"loc":{"start":{"line":13,"column":32},"end":{"line":13,"column":52}},"type":"default-arg","locations":[{"start":{"line":13,"column":40},"end":{"line":13,"column":52}}],"line":13},"1":{"loc":{"start":{"line":14,"column":2},"end":{"line":80,"column":3}},"type":"switch","locations":[{"start":{"line":15,"column":4},"end":{"line":22,"column":8}},{"start":{"line":23,"column":4},"end":{"line":28,"column":8}},{"start":{"line":29,"column":4},"end":{"line":35,"column":8}},{"start":{"line":36,"column":4},"end":{"line":42,"column":8}},{"start":{"line":43,"column":4},"end":{"line":48,"column":8}},{"start":{"line":49,"column":4},"end":{"line":53,"column":8}},{"start":{"line":54,"column":4},"end":{"line":59,"column":8}},{"start":{"line":60,"column":4},"end":{"line":67,"column":8}},{"start":{"line":68,"column":4},"end":{"line":77,"column":8}},{"start":{"line":78,"column":4},"end":{"line":79,"column":19}}],"line":14},"2":{"loc":{"start":{"line":46,"column":14},"end":{"line":46,"column":67}},"type":"cond-expr","locations":[{"start":{"line":46,"column":36},"end":{"line":46,"column":55}},{"start":{"line":46,"column":58},"end":{"line":46,"column":67}}],"line":46},"3":{"loc":{"start":{"line":47,"column":20},"end":{"line":47,"column":54}},"type":"cond-expr","locations":[{"start":{"line":47,"column":42},"end":{"line":47,"column":46}},{"start":{"line":47,"column":49},"end":{"line":47,"column":54}}],"line":47}},"s":{"0":1,"1":8,"2":1,"3":1,"4":1,"5":1,"6":2,"7":0,"8":1,"9":0,"10":0,"11":0,"12":0,"13":0,"14":1},"f":{"0":8,"1":0},"b":{"0":[8],"1":[1,1,1,1,2,0,1,0,0,1],"2":[1,1],"3":[1,1]},"_coverageSchema":"1a1c01bbd47fc00a2c39e90264f33305004495a9","hash":"a408251b9aca0c73b2904d762384e1b3c2976302"}
,"/Users/Amine/Desktop/projects/BookingHotelsApp/src/redux/sagas/auth.ts": {"path":"/Users/Amine/Desktop/projects/BookingHotelsApp/src/redux/sagas/auth.ts","statementMap":{"0":{"start":{"line":11,"column":2},"end":{"line":48,"column":3}},"1":{"start":{"line":12,"column":4},"end":{"line":12,"column":52}},"2":{"start":{"line":13,"column":34},"end":{"line":13,"column":55}},"3":{"start":{"line":14,"column":17},"end":{"line":14,"column":30}},"4":{"start":{"line":15,"column":4},"end":{"line":40,"column":5}},"5":{"start":{"line":16,"column":6},"end":{"line":32,"column":7}},"6":{"start":{"line":17,"column":8},"end":{"line":27,"column":11}},"7":{"start":{"line":29,"column":8},"end":{"line":31,"column":11}},"8":{"start":{"line":34,"column":6},"end":{"line":39,"column":9}},"9":{"start":{"line":42,"column":4},"end":{"line":47,"column":7}},"10":{"start":{"line":52,"column":2},"end":{"line":93,"column":3}},"11":{"start":{"line":53,"column":4},"end":{"line":53,"column":52}},"12":{"start":{"line":54,"column":15},"end":{"line":54,"column":29}},"13":{"start":{"line":55,"column":4},"end":{"line":55,"column":20}},"14":{"start":{"line":56,"column":34},"end":{"line":56,"column":73}},"15":{"start":{"line":57,"column":17},"end":{"line":57,"column":30}},"16":{"start":{"line":59,"column":4},"end":{"line":85,"column":5}},"17":{"start":{"line":60,"column":6},"end":{"line":75,"column":9}},"18":{"start":{"line":79,"column":6},"end":{"line":84,"column":9}},"19":{"start":{"line":87,"column":4},"end":{"line":92,"column":7}},"20":{"start":{"line":97,"column":2},"end":{"line":136,"column":3}},"21":{"start":{"line":98,"column":4},"end":{"line":98,"column":52}},"22":{"start":{"line":99,"column":34},"end":{"line":103,"column":5}},"23":{"start":{"line":104,"column":17},"end":{"line":104,"column":30}},"24":{"start":{"line":106,"column":4},"end":{"line":128,"column":5}},"25":{"start":{"line":107,"column":6},"end":{"line":118,"column":9}},"26":{"start":{"line":120,"column":6},"end":{"line":120,"column":46}},"27":{"start":{"line":122,"column":6},"end":{"line":127,"column":9}},"28":{"start":{"line":130,"column":4},"end":{"line":135,"column":7}},"29":{"start":{"line":140,"column":2},"end":{"line":144,"column":5}}},"fnMap":{"0":{"name":"check_user_request","decl":{"start":{"line":10,"column":17},"end":{"line":10,"column":35}},"loc":{"start":{"line":10,"column":38},"end":{"line":49,"column":1}},"line":10},"1":{"name":"save_account","decl":{"start":{"line":51,"column":17},"end":{"line":51,"column":29}},"loc":{"start":{"line":51,"column":43},"end":{"line":94,"column":1}},"line":51},"2":{"name":"login_request","decl":{"start":{"line":96,"column":17},"end":{"line":96,"column":30}},"loc":{"start":{"line":96,"column":44},"end":{"line":137,"column":1}},"line":96},"3":{"name":"watchAuthRequest","decl":{"start":{"line":139,"column":25},"end":{"line":139,"column":41}},"loc":{"start":{"line":139,"column":44},"end":{"line":145,"column":1}},"line":139}},"branchMap":{"0":{"loc":{"start":{"line":15,"column":4},"end":{"line":40,"column":5}},"type":"if","locations":[{"start":{"line":15,"column":4},"end":{"line":40,"column":5}},{"start":{"line":33,"column":11},"end":{"line":40,"column":5}}],"line":15},"1":{"loc":{"start":{"line":16,"column":6},"end":{"line":32,"column":7}},"type":"if","locations":[{"start":{"line":16,"column":6},"end":{"line":32,"column":7}},{"start":{"line":28,"column":13},"end":{"line":32,"column":7}}],"line":16},"2":{"loc":{"start":{"line":45,"column":17},"end":{"line":45,"column":60}},"type":"cond-expr","locations":[{"start":{"line":45,"column":43},"end":{"line":45,"column":46}},{"start":{"line":45,"column":49},"end":{"line":45,"column":60}}],"line":45},"3":{"loc":{"start":{"line":59,"column":4},"end":{"line":85,"column":5}},"type":"if","locations":[{"start":{"line":59,"column":4},"end":{"line":85,"column":5}},{"start":{"line":78,"column":11},"end":{"line":85,"column":5}}],"line":59},"4":{"loc":{"start":{"line":90,"column":17},"end":{"line":90,"column":60}},"type":"cond-expr","locations":[{"start":{"line":90,"column":43},"end":{"line":90,"column":46}},{"start":{"line":90,"column":49},"end":{"line":90,"column":60}}],"line":90},"5":{"loc":{"start":{"line":106,"column":4},"end":{"line":128,"column":5}},"type":"if","locations":[{"start":{"line":106,"column":4},"end":{"line":128,"column":5}},{"start":{"line":121,"column":11},"end":{"line":128,"column":5}}],"line":106},"6":{"loc":{"start":{"line":133,"column":17},"end":{"line":133,"column":60}},"type":"cond-expr","locations":[{"start":{"line":133,"column":43},"end":{"line":133,"column":46}},{"start":{"line":133,"column":49},"end":{"line":133,"column":60}}],"line":133}},"s":{"0":3,"1":3,"2":3,"3":2,"4":2,"5":1,"6":1,"7":0,"8":1,"9":1,"10":3,"11":3,"12":3,"13":3,"14":3,"15":2,"16":2,"17":1,"18":1,"19":1,"20":3,"21":3,"22":3,"23":2,"24":2,"25":1,"26":1,"27":1,"28":1,"29":1},"f":{"0":3,"1":3,"2":3,"3":1},"b":{"0":[1,1],"1":[1,0],"2":[0,1],"3":[1,1],"4":[0,1],"5":[1,1],"6":[0,1]},"_coverageSchema":"1a1c01bbd47fc00a2c39e90264f33305004495a9","hash":"a8d73836acaf9cef67e0b63e21f796c95f58fe2a"}
,"/Users/Amine/Desktop/projects/BookingHotelsApp/src/redux/sagas/recordSaga.ts": {"path":"/Users/Amine/Desktop/projects/BookingHotelsApp/src/redux/sagas/recordSaga.ts","statementMap":{"0":{"start":{"line":4,"column":33},"end":{"line":4,"column":35}},"1":{"start":{"line":6,"column":2},"end":{"line":12,"column":4}},"2":{"start":{"line":8,"column":26},"end":{"line":8,"column":49}},"3":{"start":{"line":14,"column":2},"end":{"line":14,"column":20}}},"fnMap":{"0":{"name":"recordSaga","decl":{"start":{"line":3,"column":15},"end":{"line":3,"column":25}},"loc":{"start":{"line":3,"column":57},"end":{"line":15,"column":1}},"line":3},"1":{"name":"(anonymous_1)","decl":{"start":{"line":8,"column":16},"end":{"line":8,"column":17}},"loc":{"start":{"line":8,"column":26},"end":{"line":8,"column":49}},"line":8}},"branchMap":{},"s":{"0":9,"1":9,"2":24,"3":9},"f":{"0":9,"1":24},"b":{},"_coverageSchema":"1a1c01bbd47fc00a2c39e90264f33305004495a9","hash":"1137e2dc2a8f68c1194de263c75eb772b2b6134e"}
,"/Users/Amine/Desktop/projects/BookingHotelsApp/src/utils/actionTypes.ts": {"path":"/Users/Amine/Desktop/projects/BookingHotelsApp/src/utils/actionTypes.ts","statementMap":{},"fnMap":{},"branchMap":{},"s":{},"f":{},"b":{},"_coverageSchema":"1a1c01bbd47fc00a2c39e90264f33305004495a9","hash":"73b6a03ce8649b69c69b3dc9a5fffcc329ea4368"}
,"/Users/Amine/Desktop/projects/BookingHotelsApp/src/utils/adapter.ts": {"path":"/Users/Amine/Desktop/projects/BookingHotelsApp/src/utils/adapter.ts","statementMap":{"0":{"start":{"line":4,"column":16},"end":{"line":10,"column":2}}},"fnMap":{},"branchMap":{},"s":{"0":1},"f":{},"b":{},"_coverageSchema":"1a1c01bbd47fc00a2c39e90264f33305004495a9","hash":"18a520d5e00b6ffdf62a69756a1626b35d16e133"}
}
