TN:
SF:src/api/auth.tsx
FN:4,(anonymous_0)
FN:5,(anonymous_1)
FN:18,(anonymous_2)
FN:20,(anonymous_3)
FN:33,(anonymous_4)
FN:38,(anonymous_5)
FNF:6
FNH:0
FNDA:0,(anonymous_0)
FNDA:0,(anonymous_1)
FNDA:0,(anonymous_2)
FNDA:0,(anonymous_3)
FNDA:0,(anonymous_4)
FNDA:0,(anonymous_5)
DA:4,1
DA:5,0
DA:7,0
DA:8,0
DA:10,0
DA:14,0
DA:18,1
DA:19,0
DA:20,0
DA:22,0
DA:23,0
DA:25,0
DA:29,0
DA:33,1
DA:34,0
DA:38,0
DA:40,0
DA:41,0
DA:43,0
DA:47,0
LF:20
LH:3
BRDA:7,0,0,0
BRDA:7,0,1,0
BRDA:10,1,0,0
BRDA:10,1,1,0
BRDA:22,2,0,0
BRDA:22,2,1,0
BRDA:25,3,0,0
BRDA:25,3,1,0
BRDA:40,4,0,0
BRDA:40,4,1,0
BRDA:43,5,0,0
BRDA:43,5,1,0
BRF:12
BRH:0
end_of_record
TN:
SF:src/api/book.ts
FN:4,(anonymous_0)
FN:6,(anonymous_1)
FN:11,(anonymous_2)
FN:12,(anonymous_3)
FN:25,(anonymous_4)
FN:26,(anonymous_5)
FN:39,(anonymous_6)
FN:40,(anonymous_7)
FNF:8
FNH:0
FNDA:0,(anonymous_0)
FNDA:0,(anonymous_1)
FNDA:0,(anonymous_2)
FNDA:0,(anonymous_3)
FNDA:0,(anonymous_4)
FNDA:0,(anonymous_5)
FNDA:0,(anonymous_6)
FNDA:0,(anonymous_7)
DA:4,1
DA:5,0
DA:6,0
DA:7,0
DA:11,1
DA:12,0
DA:14,0
DA:15,0
DA:17,0
DA:21,0
DA:25,1
DA:26,0
DA:28,0
DA:29,0
DA:31,0
DA:35,0
DA:39,1
DA:40,0
DA:42,0
DA:43,0
DA:45,0
DA:49,0
LF:22
LH:4
BRDA:7,0,0,0
BRDA:7,0,1,0
BRDA:14,1,0,0
BRDA:14,1,1,0
BRDA:17,2,0,0
BRDA:17,2,1,0
BRDA:28,3,0,0
BRDA:28,3,1,0
BRDA:31,4,0,0
BRDA:31,4,1,0
BRDA:42,5,0,0
BRDA:42,5,1,0
BRDA:45,6,0,0
BRDA:45,6,1,0
BRF:14
BRH:0
end_of_record
TN:
SF:src/api/index.ts
FNF:0
FNH:0
LF:0
LH:0
BRF:0
BRH:0
end_of_record
TN:
SF:src/config/config.ts
FNF:0
FNH:0
DA:5,1
LF:1
LH:1
BRF:0
BRH:0
end_of_record
TN:
SF:src/models/card.ts
FNF:0
FNH:0
DA:14,2
DA:21,2
LF:2
LH:2
BRF:0
BRH:0
end_of_record
TN:
SF:src/models/user.ts
FNF:0
FNH:0
DA:14,2
LF:1
LH:1
BRF:0
BRH:0
end_of_record
TN:
SF:src/navigation/rootNavigation.ts
FN:5,(anonymous_0)
FN:9,(anonymous_1)
FNF:2
FNH:1
FNDA:1,(anonymous_0)
FNDA:0,(anonymous_1)
DA:3,1
DA:5,1
DA:6,1
DA:9,1
DA:10,0
LF:5
LH:4
BRF:0
BRH:0
end_of_record
TN:
SF:src/redux/actions/auth.ts
FN:5,(anonymous_0)
FN:9,(anonymous_1)
FN:16,(anonymous_2)
FN:21,(anonymous_3)
FNF:4
FNH:3
FNDA:1,(anonymous_0)
FNDA:0,(anonymous_1)
FNDA:1,(anonymous_2)
FNDA:1,(anonymous_3)
DA:5,2
DA:9,2
DA:16,2
DA:21,2
LF:4
LH:4
BRF:0
BRH:0
end_of_record
TN:
SF:src/redux/actions/book.ts
FN:4,(anonymous_0)
FN:9,(anonymous_1)
FN:14,(anonymous_2)
FN:21,(anonymous_3)
FN:28,(anonymous_4)
FN:33,(anonymous_5)
FN:40,(anonymous_6)
FN:46,(anonymous_7)
FNF:8
FNH:0
FNDA:0,(anonymous_0)
FNDA:0,(anonymous_1)
FNDA:0,(anonymous_2)
FNDA:0,(anonymous_3)
FNDA:0,(anonymous_4)
FNDA:0,(anonymous_5)
FNDA:0,(anonymous_6)
FNDA:0,(anonymous_7)
DA:4,2
DA:9,2
DA:14,2
DA:21,2
DA:28,2
DA:33,2
DA:40,2
DA:46,2
LF:8
LH:8
BRF:0
BRH:0
end_of_record
TN:
SF:src/redux/actions/index.ts
FNF:0
FNH:0
LF:0
LH:0
BRF:0
BRH:0
end_of_record
TN:
SF:src/redux/actions/navigation.ts
FN:3,(anonymous_0)
FNF:1
FNH:1
FNDA:2,(anonymous_0)
DA:3,2
DA:4,2
LF:2
LH:2
BRF:0
BRH:0
end_of_record
TN:
SF:src/redux/reducers/auth.ts
FN:13,reducer
FN:69,(anonymous_1)
FNF:2
FNH:1
FNDA:8,reducer
FNDA:0,(anonymous_1)
DA:5,1
DA:14,8
DA:16,1
DA:24,1
DA:30,1
DA:37,1
DA:44,2
DA:50,0
DA:55,1
DA:61,0
DA:69,0
DA:70,0
DA:71,0
DA:79,1
LF:14
LH:9
BRDA:13,0,0,8
BRDA:14,1,0,1
BRDA:14,1,1,1
BRDA:14,1,2,1
BRDA:14,1,3,1
BRDA:14,1,4,2
BRDA:14,1,5,0
BRDA:14,1,6,1
BRDA:14,1,7,0
BRDA:14,1,8,0
BRDA:14,1,9,1
BRDA:46,2,0,1
BRDA:46,2,1,1
BRDA:47,3,0,1
BRDA:47,3,1,1
BRF:15
BRH:12
end_of_record
TN:
SF:src/redux/sagas/auth.ts
FN:10,check_user_request
FN:51,save_account
FN:96,login_request
FN:139,watchAuthRequest
FNF:4
FNH:4
FNDA:3,check_user_request
FNDA:3,save_account
FNDA:3,login_request
FNDA:1,watchAuthRequest
DA:11,3
DA:12,3
DA:13,3
DA:14,2
DA:15,2
DA:16,1
DA:17,1
DA:29,0
DA:34,1
DA:42,1
DA:52,3
DA:53,3
DA:54,3
DA:55,3
DA:56,3
DA:57,2
DA:59,2
DA:60,1
DA:79,1
DA:87,1
DA:97,3
DA:98,3
DA:99,3
DA:104,2
DA:106,2
DA:107,1
DA:120,1
DA:122,1
DA:130,1
DA:140,1
LF:30
LH:29
BRDA:15,0,0,1
BRDA:15,0,1,1
BRDA:16,1,0,1
BRDA:16,1,1,0
BRDA:45,2,0,0
BRDA:45,2,1,1
BRDA:59,3,0,1
BRDA:59,3,1,1
BRDA:90,4,0,0
BRDA:90,4,1,1
BRDA:106,5,0,1
BRDA:106,5,1,1
BRDA:133,6,0,0
BRDA:133,6,1,1
BRF:14
BRH:10
end_of_record
TN:
SF:src/redux/sagas/recordSaga.ts
FN:3,recordSaga
FN:8,(anonymous_1)
FNF:2
FNH:2
FNDA:9,recordSaga
FNDA:24,(anonymous_1)
DA:4,9
DA:6,9
DA:8,24
DA:14,9
LF:4
LH:4
BRF:0
BRH:0
end_of_record
TN:
SF:src/utils/actionTypes.ts
FNF:0
FNH:0
LF:0
LH:0
BRF:0
BRH:0
end_of_record
TN:
SF:src/utils/adapter.ts
FNF:0
FNH:0
DA:4,1
LF:1
LH:1
BRF:0
BRH:0
end_of_record
